<?xml version="1.0" encoding="UTF-8"?>
<!-- Generated by org.testng.reporters.JUnitReportReporter -->
<testsuite hostname="YCSLAP1100" failures="0" tests="2" name="testCases.TC002_LoginTest" time="4.059" errors="0" timestamp="2025-06-10T17:38:29 IST" skipped="0">
  <testcase classname="testCases.TC002_LoginTest" name="verify_login" time="1.891"/>
  <testcase classname="testCases.TC002_LoginTest" name="verify_login" time="2.168"/>
</testsuite> <!-- testCases.TC002_LoginTest -->
