<?xml version="1.0" encoding="UTF-8"?>
<!-- Generated by org.testng.reporters.JUnitReportReporter -->
<testsuite hostname="YCSLAP1100" failures="0" tests="2" name="testCases.TC001_AccountRegistrationTest" time="6.671" errors="0" timestamp="2025-06-10T17:38:29 IST" skipped="0">
  <testcase classname="testCases.TC001_AccountRegistrationTest" name="verify_account_registration" time="3.000"/>
  <testcase classname="testCases.TC001_AccountRegistrationTest" name="verify_account_registration" time="3.671"/>
</testsuite> <!-- testCases.TC001_AccountRegistrationTest -->
