<?xml version="1.0" encoding="UTF-8"?>
<!-- Generated by org.testng.reporters.JUnitReportReporter -->
<testsuite hostname="YCSLAP1100" failures="0" tests="1" name="testCases.TC001_AccountRegistrationTest" time="3.134" errors="0" timestamp="2025-06-11T10:15:04 IST" skipped="0">
  <testcase classname="testCases.TC001_AccountRegistrationTest" name="verify_account_registration" time="3.134"/>
</testsuite> <!-- testCases.TC001_AccountRegistrationTest -->
