<?xml version="1.0" encoding="UTF-8"?>
<!-- Generated by org.testng.reporters.JUnitReportReporter -->
<testsuite hostname="YCSLAP1100" failures="0" tests="1" name="testCases.TC002_LoginTest" time="1.583" errors="0" timestamp="2025-06-11T10:15:04 IST" skipped="0">
  <testcase classname="testCases.TC002_LoginTest" name="verify_login" time="1.583"/>
</testsuite> <!-- testCases.TC002_LoginTest -->
